C:\USERS\CAT0011\DOWNLOADS\CS-307-ASSIGNMENT-1-MASTER\PROGRAMMING ASSIGNMENT 1\PROGRAMMING ASSIGNMENT 1\DEBUG\PROGRAMMING ASSIGNMENT 1.PCH
C:\USERS\CAT0011\DOWNLOADS\CS-307-ASSIGNMENT-1-MASTER\PROGRAMMING ASSIGNMENT 1\PROGRAMMING ASSIGNMENT 1\DEBUG\STDAFX.OBJ
C:\USERS\CAT0011\DOWNLOADS\CS-307-ASSIGNMENT-1-MASTER\PROGRAMMING ASSIGNMENT 1\PROGRAMMING ASSIGNMENT 1\DEBUG\VC110.PDB
C:\USERS\CAT0011\DOWNLOADS\CS-307-ASSIGNMENT-1-MASTER\PROGRAMMING ASSIGNMENT 1\PROGRAMMING ASSIGNMENT 1\DEBUG\DISPLAY.OBJ
C:\USERS\CAT0011\DOWNLOADS\CS-307-ASSIGNMENT-1-MASTER\PROGRAMMING ASSIGNMENT 1\PROGRAMMING ASSIGNMENT 1\DEBUG\ENVIROSIMDATAPARSER.OBJ
C:\USERS\CAT0011\DOWNLOADS\CS-307-ASSIGNMENT-1-MASTER\PROGRAMMING ASSIGNMENT 1\PROGRAMMING ASSIGNMENT 1\DEBUG\MESSAGE.OBJ
C:\USERS\CAT0011\DOWNLOADS\CS-307-ASSIGNMENT-1-MASTER\PROGRAMMING ASSIGNMENT 1\PROGRAMMING ASSIGNMENT 1\DEBUG\PROGRAMMING ASSIGNMENT 1.OBJ
C:\USERS\CAT0011\DOWNLOADS\CS-307-ASSIGNMENT-1-MASTER\PROGRAMMING ASSIGNMENT 1\PROGRAMMING ASSIGNMENT 1\DEBUG\SENSOR.OBJ
C:\USERS\CAT0011\DOWNLOADS\CS-307-ASSIGNMENT-1-MASTER\PROGRAMMING ASSIGNMENT 1\PROGRAMMING ASSIGNMENT 1\DEBUG\SENSORMOUNT.OBJ
C:\USERS\CAT0011\DOWNLOADS\CS-307-ASSIGNMENT-1-MASTER\PROGRAMMING ASSIGNMENT 1\PROGRAMMING ASSIGNMENT 1\DEBUG\SIMULATION.OBJ
C:\USERS\CAT0011\DOWNLOADS\CS-307-ASSIGNMENT-1-MASTER\PROGRAMMING ASSIGNMENT 1\DEBUG\PROGRAMMING ASSIGNMENT 1.ILK
C:\USERS\CAT0011\DOWNLOADS\CS-307-ASSIGNMENT-1-MASTER\PROGRAMMING ASSIGNMENT 1\DEBUG\PROGRAMMING ASSIGNMENT 1.EXE
C:\USERS\CAT0011\DOWNLOADS\CS-307-ASSIGNMENT-1-MASTER\PROGRAMMING ASSIGNMENT 1\DEBUG\PROGRAMMING ASSIGNMENT 1.PDB
C:\Users\cat0011\Downloads\CS-307-Assignment-1-master\Programming Assignment 1\Programming Assignment 1\Debug\Display.obj
C:\Users\cat0011\Downloads\CS-307-Assignment-1-master\Programming Assignment 1\Programming Assignment 1\Debug\EnviroSimDataParser.obj
C:\Users\cat0011\Downloads\CS-307-Assignment-1-master\Programming Assignment 1\Programming Assignment 1\Debug\Message.obj
C:\Users\cat0011\Downloads\CS-307-Assignment-1-master\Programming Assignment 1\Programming Assignment 1\Debug\Programming Assignment 1.obj
C:\Users\cat0011\Downloads\CS-307-Assignment-1-master\Programming Assignment 1\Programming Assignment 1\Debug\Sensor.obj
C:\Users\cat0011\Downloads\CS-307-Assignment-1-master\Programming Assignment 1\Programming Assignment 1\Debug\SensorMount.obj
C:\Users\cat0011\Downloads\CS-307-Assignment-1-master\Programming Assignment 1\Programming Assignment 1\Debug\Simulation.obj
C:\Users\cat0011\Downloads\CS-307-Assignment-1-master\Programming Assignment 1\Programming Assignment 1\Debug\stdafx.obj
C:\Users\cat0011\Downloads\CS-307-Assignment-1-master\Programming Assignment 1\Programming Assignment 1\Debug\cl.command.1.tlog
C:\Users\cat0011\Downloads\CS-307-Assignment-1-master\Programming Assignment 1\Programming Assignment 1\Debug\CL.read.1.tlog
C:\Users\cat0011\Downloads\CS-307-Assignment-1-master\Programming Assignment 1\Programming Assignment 1\Debug\CL.write.1.tlog
C:\Users\cat0011\Downloads\CS-307-Assignment-1-master\Programming Assignment 1\Programming Assignment 1\Debug\link-cvtres.read.1.tlog
C:\Users\cat0011\Downloads\CS-307-Assignment-1-master\Programming Assignment 1\Programming Assignment 1\Debug\link-cvtres.write.1.tlog
C:\Users\cat0011\Downloads\CS-307-Assignment-1-master\Programming Assignment 1\Programming Assignment 1\Debug\link-rc.read.1.tlog
C:\Users\cat0011\Downloads\CS-307-Assignment-1-master\Programming Assignment 1\Programming Assignment 1\Debug\link-rc.write.1.tlog
C:\Users\cat0011\Downloads\CS-307-Assignment-1-master\Programming Assignment 1\Programming Assignment 1\Debug\link.11520-cvtres.read.1.tlog
C:\Users\cat0011\Downloads\CS-307-Assignment-1-master\Programming Assignment 1\Programming Assignment 1\Debug\link.11520-cvtres.write.1.tlog
C:\Users\cat0011\Downloads\CS-307-Assignment-1-master\Programming Assignment 1\Programming Assignment 1\Debug\link.11520-rc.read.1.tlog
C:\Users\cat0011\Downloads\CS-307-Assignment-1-master\Programming Assignment 1\Programming Assignment 1\Debug\link.11520-rc.write.1.tlog
C:\Users\cat0011\Downloads\CS-307-Assignment-1-master\Programming Assignment 1\Programming Assignment 1\Debug\link.11520.read.1.tlog
C:\Users\cat0011\Downloads\CS-307-Assignment-1-master\Programming Assignment 1\Programming Assignment 1\Debug\link.11520.write.1.tlog
C:\Users\cat0011\Downloads\CS-307-Assignment-1-master\Programming Assignment 1\Programming Assignment 1\Debug\link.12948-cvtres.read.1.tlog
C:\Users\cat0011\Downloads\CS-307-Assignment-1-master\Programming Assignment 1\Programming Assignment 1\Debug\link.12948-cvtres.write.1.tlog
C:\Users\cat0011\Downloads\CS-307-Assignment-1-master\Programming Assignment 1\Programming Assignment 1\Debug\link.12948-rc.read.1.tlog
C:\Users\cat0011\Downloads\CS-307-Assignment-1-master\Programming Assignment 1\Programming Assignment 1\Debug\link.12948-rc.write.1.tlog
C:\Users\cat0011\Downloads\CS-307-Assignment-1-master\Programming Assignment 1\Programming Assignment 1\Debug\link.12948.read.1.tlog
C:\Users\cat0011\Downloads\CS-307-Assignment-1-master\Programming Assignment 1\Programming Assignment 1\Debug\link.12948.write.1.tlog
C:\Users\cat0011\Downloads\CS-307-Assignment-1-master\Programming Assignment 1\Programming Assignment 1\Debug\link.17084-cvtres.read.1.tlog
C:\Users\cat0011\Downloads\CS-307-Assignment-1-master\Programming Assignment 1\Programming Assignment 1\Debug\link.17084-cvtres.write.1.tlog
C:\Users\cat0011\Downloads\CS-307-Assignment-1-master\Programming Assignment 1\Programming Assignment 1\Debug\link.17084-rc.read.1.tlog
C:\Users\cat0011\Downloads\CS-307-Assignment-1-master\Programming Assignment 1\Programming Assignment 1\Debug\link.17084-rc.write.1.tlog
C:\Users\cat0011\Downloads\CS-307-Assignment-1-master\Programming Assignment 1\Programming Assignment 1\Debug\link.17084.read.1.tlog
C:\Users\cat0011\Downloads\CS-307-Assignment-1-master\Programming Assignment 1\Programming Assignment 1\Debug\link.17084.write.1.tlog
C:\Users\cat0011\Downloads\CS-307-Assignment-1-master\Programming Assignment 1\Programming Assignment 1\Debug\link.3800-cvtres.read.1.tlog
C:\Users\cat0011\Downloads\CS-307-Assignment-1-master\Programming Assignment 1\Programming Assignment 1\Debug\link.3800-cvtres.write.1.tlog
C:\Users\cat0011\Downloads\CS-307-Assignment-1-master\Programming Assignment 1\Programming Assignment 1\Debug\link.3800-rc.read.1.tlog
C:\Users\cat0011\Downloads\CS-307-Assignment-1-master\Programming Assignment 1\Programming Assignment 1\Debug\link.3800-rc.write.1.tlog
C:\Users\cat0011\Downloads\CS-307-Assignment-1-master\Programming Assignment 1\Programming Assignment 1\Debug\link.3800.read.1.tlog
C:\Users\cat0011\Downloads\CS-307-Assignment-1-master\Programming Assignment 1\Programming Assignment 1\Debug\link.3800.write.1.tlog
C:\Users\cat0011\Downloads\CS-307-Assignment-1-master\Programming Assignment 1\Programming Assignment 1\Debug\link.4688-cvtres.read.1.tlog
C:\Users\cat0011\Downloads\CS-307-Assignment-1-master\Programming Assignment 1\Programming Assignment 1\Debug\link.4688-cvtres.write.1.tlog
C:\Users\cat0011\Downloads\CS-307-Assignment-1-master\Programming Assignment 1\Programming Assignment 1\Debug\link.4688-rc.read.1.tlog
C:\Users\cat0011\Downloads\CS-307-Assignment-1-master\Programming Assignment 1\Programming Assignment 1\Debug\link.4688-rc.write.1.tlog
C:\Users\cat0011\Downloads\CS-307-Assignment-1-master\Programming Assignment 1\Programming Assignment 1\Debug\link.4688.read.1.tlog
C:\Users\cat0011\Downloads\CS-307-Assignment-1-master\Programming Assignment 1\Programming Assignment 1\Debug\link.4688.write.1.tlog
C:\Users\cat0011\Downloads\CS-307-Assignment-1-master\Programming Assignment 1\Programming Assignment 1\Debug\link.5364-cvtres.read.1.tlog
C:\Users\cat0011\Downloads\CS-307-Assignment-1-master\Programming Assignment 1\Programming Assignment 1\Debug\link.5364-cvtres.write.1.tlog
C:\Users\cat0011\Downloads\CS-307-Assignment-1-master\Programming Assignment 1\Programming Assignment 1\Debug\link.5364-rc.read.1.tlog
C:\Users\cat0011\Downloads\CS-307-Assignment-1-master\Programming Assignment 1\Programming Assignment 1\Debug\link.5364-rc.write.1.tlog
C:\Users\cat0011\Downloads\CS-307-Assignment-1-master\Programming Assignment 1\Programming Assignment 1\Debug\link.5364.read.1.tlog
C:\Users\cat0011\Downloads\CS-307-Assignment-1-master\Programming Assignment 1\Programming Assignment 1\Debug\link.5364.write.1.tlog
C:\Users\cat0011\Downloads\CS-307-Assignment-1-master\Programming Assignment 1\Programming Assignment 1\Debug\link.7104-cvtres.read.1.tlog
C:\Users\cat0011\Downloads\CS-307-Assignment-1-master\Programming Assignment 1\Programming Assignment 1\Debug\link.7104-cvtres.write.1.tlog
C:\Users\cat0011\Downloads\CS-307-Assignment-1-master\Programming Assignment 1\Programming Assignment 1\Debug\link.7104-rc.read.1.tlog
C:\Users\cat0011\Downloads\CS-307-Assignment-1-master\Programming Assignment 1\Programming Assignment 1\Debug\link.7104-rc.write.1.tlog
C:\Users\cat0011\Downloads\CS-307-Assignment-1-master\Programming Assignment 1\Programming Assignment 1\Debug\link.7104.read.1.tlog
C:\Users\cat0011\Downloads\CS-307-Assignment-1-master\Programming Assignment 1\Programming Assignment 1\Debug\link.7104.write.1.tlog
C:\Users\cat0011\Downloads\CS-307-Assignment-1-master\Programming Assignment 1\Programming Assignment 1\Debug\link.7412-cvtres.read.1.tlog
C:\Users\cat0011\Downloads\CS-307-Assignment-1-master\Programming Assignment 1\Programming Assignment 1\Debug\link.7412-cvtres.write.1.tlog
C:\Users\cat0011\Downloads\CS-307-Assignment-1-master\Programming Assignment 1\Programming Assignment 1\Debug\link.7412-rc.read.1.tlog
C:\Users\cat0011\Downloads\CS-307-Assignment-1-master\Programming Assignment 1\Programming Assignment 1\Debug\link.7412-rc.write.1.tlog
C:\Users\cat0011\Downloads\CS-307-Assignment-1-master\Programming Assignment 1\Programming Assignment 1\Debug\link.7412.read.1.tlog
C:\Users\cat0011\Downloads\CS-307-Assignment-1-master\Programming Assignment 1\Programming Assignment 1\Debug\link.7412.write.1.tlog
C:\Users\cat0011\Downloads\CS-307-Assignment-1-master\Programming Assignment 1\Programming Assignment 1\Debug\link.7452-cvtres.read.1.tlog
C:\Users\cat0011\Downloads\CS-307-Assignment-1-master\Programming Assignment 1\Programming Assignment 1\Debug\link.7452-cvtres.write.1.tlog
C:\Users\cat0011\Downloads\CS-307-Assignment-1-master\Programming Assignment 1\Programming Assignment 1\Debug\link.7452-rc.read.1.tlog
C:\Users\cat0011\Downloads\CS-307-Assignment-1-master\Programming Assignment 1\Programming Assignment 1\Debug\link.7452-rc.write.1.tlog
C:\Users\cat0011\Downloads\CS-307-Assignment-1-master\Programming Assignment 1\Programming Assignment 1\Debug\link.7452.read.1.tlog
C:\Users\cat0011\Downloads\CS-307-Assignment-1-master\Programming Assignment 1\Programming Assignment 1\Debug\link.7452.write.1.tlog
C:\Users\cat0011\Downloads\CS-307-Assignment-1-master\Programming Assignment 1\Programming Assignment 1\Debug\link.7488-cvtres.read.1.tlog
C:\Users\cat0011\Downloads\CS-307-Assignment-1-master\Programming Assignment 1\Programming Assignment 1\Debug\link.7488-cvtres.write.1.tlog
C:\Users\cat0011\Downloads\CS-307-Assignment-1-master\Programming Assignment 1\Programming Assignment 1\Debug\link.7488-rc.read.1.tlog
C:\Users\cat0011\Downloads\CS-307-Assignment-1-master\Programming Assignment 1\Programming Assignment 1\Debug\link.7488-rc.write.1.tlog
C:\Users\cat0011\Downloads\CS-307-Assignment-1-master\Programming Assignment 1\Programming Assignment 1\Debug\link.7488.read.1.tlog
C:\Users\cat0011\Downloads\CS-307-Assignment-1-master\Programming Assignment 1\Programming Assignment 1\Debug\link.7488.write.1.tlog
C:\Users\cat0011\Downloads\CS-307-Assignment-1-master\Programming Assignment 1\Programming Assignment 1\Debug\link.7580-cvtres.read.1.tlog
C:\Users\cat0011\Downloads\CS-307-Assignment-1-master\Programming Assignment 1\Programming Assignment 1\Debug\link.7580-cvtres.write.1.tlog
C:\Users\cat0011\Downloads\CS-307-Assignment-1-master\Programming Assignment 1\Programming Assignment 1\Debug\link.7580-rc.read.1.tlog
C:\Users\cat0011\Downloads\CS-307-Assignment-1-master\Programming Assignment 1\Programming Assignment 1\Debug\link.7580-rc.write.1.tlog
C:\Users\cat0011\Downloads\CS-307-Assignment-1-master\Programming Assignment 1\Programming Assignment 1\Debug\link.7580.read.1.tlog
C:\Users\cat0011\Downloads\CS-307-Assignment-1-master\Programming Assignment 1\Programming Assignment 1\Debug\link.7580.write.1.tlog
C:\Users\cat0011\Downloads\CS-307-Assignment-1-master\Programming Assignment 1\Programming Assignment 1\Debug\link.8876-cvtres.read.1.tlog
C:\Users\cat0011\Downloads\CS-307-Assignment-1-master\Programming Assignment 1\Programming Assignment 1\Debug\link.8876-cvtres.write.1.tlog
C:\Users\cat0011\Downloads\CS-307-Assignment-1-master\Programming Assignment 1\Programming Assignment 1\Debug\link.8876-rc.read.1.tlog
C:\Users\cat0011\Downloads\CS-307-Assignment-1-master\Programming Assignment 1\Programming Assignment 1\Debug\link.8876-rc.write.1.tlog
C:\Users\cat0011\Downloads\CS-307-Assignment-1-master\Programming Assignment 1\Programming Assignment 1\Debug\link.8876.read.1.tlog
C:\Users\cat0011\Downloads\CS-307-Assignment-1-master\Programming Assignment 1\Programming Assignment 1\Debug\link.8876.write.1.tlog
C:\Users\cat0011\Downloads\CS-307-Assignment-1-master\Programming Assignment 1\Programming Assignment 1\Debug\link.9156-cvtres.read.1.tlog
C:\Users\cat0011\Downloads\CS-307-Assignment-1-master\Programming Assignment 1\Programming Assignment 1\Debug\link.9156-cvtres.write.1.tlog
C:\Users\cat0011\Downloads\CS-307-Assignment-1-master\Programming Assignment 1\Programming Assignment 1\Debug\link.9156-rc.read.1.tlog
C:\Users\cat0011\Downloads\CS-307-Assignment-1-master\Programming Assignment 1\Programming Assignment 1\Debug\link.9156-rc.write.1.tlog
C:\Users\cat0011\Downloads\CS-307-Assignment-1-master\Programming Assignment 1\Programming Assignment 1\Debug\link.9156.read.1.tlog
C:\Users\cat0011\Downloads\CS-307-Assignment-1-master\Programming Assignment 1\Programming Assignment 1\Debug\link.9156.write.1.tlog
C:\Users\cat0011\Downloads\CS-307-Assignment-1-master\Programming Assignment 1\Programming Assignment 1\Debug\link.9212-cvtres.read.1.tlog
C:\Users\cat0011\Downloads\CS-307-Assignment-1-master\Programming Assignment 1\Programming Assignment 1\Debug\link.9212-cvtres.write.1.tlog
C:\Users\cat0011\Downloads\CS-307-Assignment-1-master\Programming Assignment 1\Programming Assignment 1\Debug\link.9212-rc.read.1.tlog
C:\Users\cat0011\Downloads\CS-307-Assignment-1-master\Programming Assignment 1\Programming Assignment 1\Debug\link.9212-rc.write.1.tlog
C:\Users\cat0011\Downloads\CS-307-Assignment-1-master\Programming Assignment 1\Programming Assignment 1\Debug\link.9212.read.1.tlog
C:\Users\cat0011\Downloads\CS-307-Assignment-1-master\Programming Assignment 1\Programming Assignment 1\Debug\link.9212.write.1.tlog
C:\Users\cat0011\Downloads\CS-307-Assignment-1-master\Programming Assignment 1\Programming Assignment 1\Debug\link.command.1.tlog
C:\Users\cat0011\Downloads\CS-307-Assignment-1-master\Programming Assignment 1\Programming Assignment 1\Debug\link.read.1.tlog
C:\Users\cat0011\Downloads\CS-307-Assignment-1-master\Programming Assignment 1\Programming Assignment 1\Debug\link.write.1.tlog
C:\Users\cat0011\Downloads\CS-307-Assignment-1-master\Programming Assignment 1\Programming Assignment 1\Debug\Programming Assignment 1.pch
C:\Users\cat0011\Downloads\CS-307-Assignment-1-master\Programming Assignment 1\Programming Assignment 1\Debug\vc110.idb
C:\Users\cat0011\Downloads\CS-307-Assignment-1-master\Programming Assignment 1\Programming Assignment 1\Debug\vc110.pdb
C:\Users\cat0011\Downloads\CS-307-Assignment-1-master\Programming Assignment 1\Debug\Programming Assignment 1.pdb
C:\Users\cat0011\Downloads\CS-307-Assignment-1-master\Programming Assignment 1\Debug\Programming Assignment 1.exe
C:\Users\cat0011\Downloads\CS-307-Assignment-1-master\Programming Assignment 1\Debug\Programming Assignment 1.ilk
